<?xml version="1.0" encoding="UTF-8"?>
<!-- Generated by org.testng.reporters.JUnitReportReporter -->
<testsuite hostname="Home" failures="0" tests="5" name="com.application.test.ApplicationTest" time="12.826" errors="0" timestamp="2022-06-24T18:35:00 BST" skipped="0">
  <testcase classname="com.application.test.ApplicationTest" name="verifyTableRowsEqualToLoanTerm" time="3.080"/>
  <system-out/>
  <testcase classname="com.application.test.ApplicationTest" name="verifyApplicationTitle" time="1.782"/>
  <system-out/>
  <testcase classname="com.application.test.ApplicationTest" name="calculateLoanAmount" time="4.256"/>
  <system-out/>
  <testcase classname="com.application.test.ApplicationTest" name="validateInputFields" time="1.814"/>
  <system-out/>
  <testcase classname="com.application.test.ApplicationTest" name="verifyWebElements" time="1.894"/>
  <system-out/>
</testsuite> <!-- com.application.test.ApplicationTest -->
