<?xml version="1.0" encoding="UTF-8"?>
<!-- Generated by org.testng.reporters.JUnitReportReporter -->
<testsuite hostname="Home" failures="0" tests="1" name="com.application.pages.App" time="2.551" errors="0" timestamp="2022-06-24T14:49:52 BST" skipped="0">
  <testcase classname="com.application.pages.App" name="test" time="2.551"/>
  <system-out/>
</testsuite> <!-- com.application.pages.App -->
